  Ply.cpp
Ply.cpp(18): warning C4018: '<': signed/unsigned mismatch
  PlyBuilder.cpp
PlyBuilder.cpp(12): warning C4477: 'printf' : format string '%s' requires an argument of type 'char *', but variadic argument 1 has type 'std::string'
PlyBuilder.cpp(114): warning C4244: '=': conversion from 'double' to 'float', possible loss of data
PlyBuilder.cpp(115): warning C4244: '=': conversion from 'double' to 'float', possible loss of data
PlyBuilder.cpp(116): warning C4244: '=': conversion from 'double' to 'float', possible loss of data
PlyBuilder.cpp(135): warning C4477: 'printf' : format string '%s' requires an argument of type 'char *', but variadic argument 1 has type 'std::string'
PlyBuilder.cpp(151): warning C4018: '<': signed/unsigned mismatch
PlyBuilder.cpp(171): warning C4018: '<': signed/unsigned mismatch
  PlyManager.cpp
PlyManager.cpp(67): warning C4018: '>=': signed/unsigned mismatch
  example1.cpp
example1.cpp(129): warning C4018: '<': signed/unsigned mismatch
  textfile.cpp
  Generating code
  0 of 723 functions ( 0.0%) were compiled, the rest were copied from previous compilation.
    0 functions were new in current compilation
    0 functions had inline decision re-evaluated but remain unchanged
  Finished generating code
  GLSLExperiment.vcxproj -> C:\Users\denni\Documents\Graphics\Homework2\graphics_starting_code_2\Release\GLSLExperiment.exe
