c:\users\denni\documents\graphics\homework2\graphics_starting_code_2\glslexperiment\release\vc141.pdb
c:\users\denni\documents\graphics\homework2\graphics_starting_code_2\glslexperiment\release\textfile.obj
c:\users\denni\documents\graphics\homework2\graphics_starting_code_2\glslexperiment\release\plymanager.obj
c:\users\denni\documents\graphics\homework2\graphics_starting_code_2\glslexperiment\release\plybuilder.obj
c:\users\denni\documents\graphics\homework2\graphics_starting_code_2\glslexperiment\release\ply.obj
c:\users\denni\documents\graphics\homework2\graphics_starting_code_2\glslexperiment\release\initshader.obj
c:\users\denni\documents\graphics\homework2\graphics_starting_code_2\glslexperiment\release\example1.obj
d:\graphics\homework2\graphics_starting_code_2\glslexperiment\release\vc141.pdb
d:\graphics\homework2\graphics_starting_code_2\glslexperiment\release\textfile.obj
d:\graphics\homework2\graphics_starting_code_2\glslexperiment\release\plymanager.obj
d:\graphics\homework2\graphics_starting_code_2\glslexperiment\release\plybuilder.obj
d:\graphics\homework2\graphics_starting_code_2\glslexperiment\release\ply.obj
d:\graphics\homework2\graphics_starting_code_2\glslexperiment\release\initshader.obj
d:\graphics\homework2\graphics_starting_code_2\glslexperiment\release\example1.obj
c:\users\denni\documents\graphics\homework2\graphics_starting_code_2\release\glslexperiment.ipdb
c:\users\denni\documents\graphics\homework2\graphics_starting_code_2\release\glslexperiment.iobj
d:\graphics\homework2\graphics_starting_code_2\release\glslexperiment.ipdb
d:\graphics\homework2\graphics_starting_code_2\release\glslexperiment.iobj
c:\users\denni\documents\graphics\homework2\graphics_starting_code_2\release\glslexperiment.exe
c:\users\denni\documents\graphics\homework2\graphics_starting_code_2\release\glslexperiment.pdb
d:\graphics\homework2\graphics_starting_code_2\release\glslexperiment.exe
d:\graphics\homework2\graphics_starting_code_2\release\glslexperiment.pdb
d:\graphics\homework2\graphics_starting_code_2\glslexperiment\release\glslexperiment.tlog\cl.command.1.tlog
d:\graphics\homework2\graphics_starting_code_2\glslexperiment\release\glslexperiment.tlog\cl.read.1.tlog
d:\graphics\homework2\graphics_starting_code_2\glslexperiment\release\glslexperiment.tlog\cl.write.1.tlog
d:\graphics\homework2\graphics_starting_code_2\glslexperiment\release\glslexperiment.tlog\glslexperiment.write.1u.tlog
d:\graphics\homework2\graphics_starting_code_2\glslexperiment\release\glslexperiment.tlog\link.command.1.tlog
d:\graphics\homework2\graphics_starting_code_2\glslexperiment\release\glslexperiment.tlog\link.read.1.tlog
d:\graphics\homework2\graphics_starting_code_2\glslexperiment\release\glslexperiment.tlog\link.write.1.tlog
