  DatFile.cpp
c:\users\denni\documents\graphics\homework1\graphics_starting_code\glslexperiment\datfile.cpp(16): warning C4477: 'printf' : format string '%s' requires an argument of type 'char *', but variadic argument 1 has type 'std::string'
c:\users\denni\documents\graphics\homework1\graphics_starting_code\glslexperiment\datfile.cpp(100): warning C4244: '=': conversion from 'int' to 'float', possible loss of data
c:\users\denni\documents\graphics\homework1\graphics_starting_code\glslexperiment\datfile.cpp(101): warning C4244: '=': conversion from 'int' to 'float', possible loss of data
c:\users\denni\documents\graphics\homework1\graphics_starting_code\glslexperiment\datfile.cpp(104): warning C4244: 'argument': conversion from 'float' to 'GLsizei', possible loss of data
c:\users\denni\documents\graphics\homework1\graphics_starting_code\glslexperiment\datfile.cpp(104): warning C4244: 'argument': conversion from 'float' to 'GLint', possible loss of data
c:\users\denni\documents\graphics\homework1\graphics_starting_code\glslexperiment\datfile.cpp(107): warning C4018: '<': signed/unsigned mismatch
  Generating Code...
  Compiling...
  example1.cpp
c:\users\denni\documents\graphics\homework1\graphics_starting_code\glslexperiment\example1.cpp(59): warning C4018: '<': signed/unsigned mismatch
c:\users\denni\documents\graphics\homework1\graphics_starting_code\glslexperiment\example1.cpp(96): warning C4244: 'argument': conversion from 'float' to 'int', possible loss of data
c:\users\denni\documents\graphics\homework1\graphics_starting_code\glslexperiment\example1.cpp(193): warning C4244: '=': conversion from 'int' to 'float', possible loss of data
c:\users\denni\documents\graphics\homework1\graphics_starting_code\glslexperiment\example1.cpp(194): warning C4244: '=': conversion from 'int' to 'float', possible loss of data
c:\users\denni\documents\graphics\homework1\graphics_starting_code\glslexperiment\example1.cpp(203): warning C4244: 'argument': conversion from 'float' to 'int', possible loss of data
  Triangle.cpp
c:\users\denni\documents\graphics\homework1\graphics_starting_code\glslexperiment\triangle.cpp(26): warning C4244: '=': conversion from 'int' to 'float', possible loss of data
c:\users\denni\documents\graphics\homework1\graphics_starting_code\glslexperiment\triangle.cpp(27): warning C4244: '=': conversion from 'int' to 'float', possible loss of data
c:\users\denni\documents\graphics\homework1\graphics_starting_code\glslexperiment\triangle.cpp(30): warning C4244: 'argument': conversion from 'float' to 'GLsizei', possible loss of data
c:\users\denni\documents\graphics\homework1\graphics_starting_code\glslexperiment\triangle.cpp(30): warning C4244: 'argument': conversion from 'float' to 'GLint', possible loss of data
  Snowflake.cpp
c:\users\denni\documents\graphics\homework1\graphics_starting_code\glslexperiment\snowflake.cpp(19): warning C4244: 'initializing': conversion from 'double' to 'float', possible loss of data
c:\users\denni\documents\graphics\homework1\graphics_starting_code\glslexperiment\snowflake.cpp(43): warning C4244: 'argument': conversion from 'double' to 'float', possible loss of data
c:\users\denni\documents\graphics\homework1\graphics_starting_code\glslexperiment\snowflake.cpp(44): warning C4244: 'argument': conversion from 'double' to 'float', possible loss of data
c:\users\denni\documents\graphics\homework1\graphics_starting_code\glslexperiment\snowflake.cpp(45): warning C4244: 'argument': conversion from 'double' to 'float', possible loss of data
c:\users\denni\documents\graphics\homework1\graphics_starting_code\glslexperiment\snowflake.cpp(72): warning C4244: '=': conversion from 'double' to 'float', possible loss of data
c:\users\denni\documents\graphics\homework1\graphics_starting_code\glslexperiment\snowflake.cpp(76): warning C4244: '=': conversion from 'double' to 'float', possible loss of data
c:\users\denni\documents\graphics\homework1\graphics_starting_code\glslexperiment\snowflake.cpp(80): warning C4244: '=': conversion from 'double' to 'float', possible loss of data
  Sierpinski.cpp
c:\users\denni\documents\graphics\homework1\graphics_starting_code\glslexperiment\sierpinski.cpp(20): warning C4018: '<': signed/unsigned mismatch
  Data.cpp
c:\users\denni\documents\graphics\homework1\graphics_starting_code\glslexperiment\data.cpp(22): warning C4244: 'initializing': conversion from 'int' to 'float', possible loss of data
c:\users\denni\documents\graphics\homework1\graphics_starting_code\glslexperiment\data.cpp(26): warning C4244: 'argument': conversion from 'float' to 'GLsizei', possible loss of data
c:\users\denni\documents\graphics\homework1\graphics_starting_code\glslexperiment\data.cpp(30): warning C4244: 'argument': conversion from 'float' to 'GLsizei', possible loss of data
  Generating Code...
Data.obj : warning LNK4075: ignoring '/EDITANDCONTINUE' due to '/SAFESEH' specification
  GLSLExperiment.vcxproj -> C:\Users\denni\Documents\Graphics\Homework1\Graphics_Starting_Code\Debug\GLSLExperiment.exe
