d:\graphics\homework2\graphics_starting_code_2\glslexperiment\debug\vc141.pdb
d:\graphics\homework2\graphics_starting_code_2\glslexperiment\debug\vc141.idb
d:\graphics\homework2\graphics_starting_code_2\glslexperiment\debug\example1.obj
d:\graphics\homework2\graphics_starting_code_2\glslexperiment\debug\initshader.obj
d:\graphics\homework2\graphics_starting_code_2\glslexperiment\debug\ply.obj
d:\graphics\homework2\graphics_starting_code_2\glslexperiment\debug\plybuilder.obj
d:\graphics\homework2\graphics_starting_code_2\glslexperiment\debug\plymanager.obj
d:\graphics\homework2\graphics_starting_code_2\glslexperiment\debug\textfile.obj
d:\graphics\homework2\graphics_starting_code_2\debug\glslexperiment.pdb
d:\graphics\homework2\graphics_starting_code_2\glslexperiment\debug\glslexperiment.tlog\cl.command.1.tlog
d:\graphics\homework2\graphics_starting_code_2\glslexperiment\debug\glslexperiment.tlog\cl.read.1.tlog
d:\graphics\homework2\graphics_starting_code_2\glslexperiment\debug\glslexperiment.tlog\cl.write.1.tlog
d:\graphics\homework2\graphics_starting_code_2\glslexperiment\debug\glslexperiment.tlog\link.14604-cvtres.read.1.tlog
d:\graphics\homework2\graphics_starting_code_2\glslexperiment\debug\glslexperiment.tlog\link.14604-cvtres.write.1.tlog
d:\graphics\homework2\graphics_starting_code_2\glslexperiment\debug\glslexperiment.tlog\link.14604-rc.read.1.tlog
d:\graphics\homework2\graphics_starting_code_2\glslexperiment\debug\glslexperiment.tlog\link.14604-rc.write.1.tlog
d:\graphics\homework2\graphics_starting_code_2\glslexperiment\debug\glslexperiment.tlog\link.14604.read.1.tlog
d:\graphics\homework2\graphics_starting_code_2\glslexperiment\debug\glslexperiment.tlog\link.14604.write.1.tlog
d:\graphics\homework2\graphics_starting_code_2\glslexperiment\debug\glslexperiment.tlog\link.command.1.tlog
d:\graphics\homework2\graphics_starting_code_2\glslexperiment\debug\glslexperiment.tlog\link.read.1.tlog
d:\graphics\homework2\graphics_starting_code_2\glslexperiment\debug\glslexperiment.tlog\link.write.1.tlog
